<?xml version="1.0" encoding="UTF-8"?>
<!-- Generated by org.testng.reporters.JUnitReportReporter -->
<testsuite hostname="win2019" failures="0" tests="1" name="MTV22.nopcommerse" time="3.781" errors="0" timestamp="2024-08-21T04:00:11 PDT" skipped="0">
  <testcase classname="MTV22.nopcommerse" name="chrome" time="3.781"/>
  <system-out/>
</testsuite> <!-- MTV22.nopcommerse -->
