<?xml version="1.0" encoding="UTF-8"?>
<!-- Generated by org.testng.reporters.JUnitReportReporter -->
<testsuite hostname="win2019" failures="0" tests="1" name="MTV24.dropDownBox" time="31.302" errors="0" timestamp="2024-08-26T10:00:02 PDT" skipped="0">
  <testcase classname="MTV24.dropDownBox" name="example" time="31.302"/>
  <system-out/>
</testsuite> <!-- MTV24.dropDownBox -->
