<?xml version="1.0" encoding="UTF-8"?>
<!-- Generated by org.testng.reporters.JUnitReportReporter -->
<testsuite hostname="win2019" failures="0" tests="3" name="MTV21.BrowserCommands" time="108.063" errors="0" timestamp="2024-08-20T04:00:35 PDT" skipped="0">
  <testcase classname="MTV21.BrowserCommands" name="ChromeBrowserLaunch" time="17.477"/>
  <system-out/>
  <testcase classname="MTV21.BrowserCommands" name="FirefoxBrowserLaunch" time="69.186"/>
  <system-out/>
  <testcase classname="MTV21.BrowserCommands" name="EdgeLaunch" time="21.400"/>
  <system-out/>
</testsuite> <!-- MTV21.BrowserCommands -->
