<?xml version="1.0" encoding="UTF-8"?>
<!-- Generated by org.testng.reporters.JUnitReportReporter -->
<testsuite hostname="win2019" failures="0" tests="1" name="MTV22.webkl" time="73.904" errors="0" timestamp="2024-08-26T08:18:59 PDT" skipped="0">
  <testcase classname="MTV22.webkl" name="example" time="73.904"/>
  <system-out/>
</testsuite> <!-- MTV22.webkl -->
