<?xml version="1.0" encoding="UTF-8"?>
<!-- Generated by org.testng.reporters.JUnitReportReporter -->
<testsuite hostname="win2019" failures="0" tests="1" name="MTV30.Assertion" time="17.581" errors="0" timestamp="2024-08-26T12:25:38 PDT" skipped="0">
  <testcase classname="MTV30.Assertion" name="example" time="17.581"/>
  <system-out/>
</testsuite> <!-- MTV30.Assertion -->
