<?xml version="1.0" encoding="UTF-8"?>
<!-- Generated by org.testng.reporters.JUnitReportReporter -->
<testsuite hostname="win2019" failures="0" tests="3" name="MTV21.BrowserCommands2" time="83.436" errors="0" timestamp="2024-08-20T06:14:45 PDT" skipped="0">
  <testcase classname="MTV21.BrowserCommands2" name="ChromeBrowserLaunch" time="26.830"/>
  <system-out/>
  <testcase classname="MTV21.BrowserCommands2" name="FirefoxBrowserLaunch" time="30.968"/>
  <system-out/>
  <testcase classname="MTV21.BrowserCommands2" name="EdgeLaunch" time="25.638"/>
  <system-out/>
</testsuite> <!-- MTV21.BrowserCommands2 -->
