<?xml version="1.0" encoding="UTF-8"?>
<!-- Generated by org.testng.reporters.JUnitReportReporter -->
<testsuite hostname="win2019" failures="0" tests="1" name="MTV22.InMotionHosting" time="6.154" errors="0" timestamp="2024-08-26T08:04:32 PDT" skipped="0">
  <testcase classname="MTV22.InMotionHosting" name="example" time="6.154"/>
  <system-out/>
</testsuite> <!-- MTV22.InMotionHosting -->
