<?xml version="1.0" encoding="UTF-8"?>
<!-- Generated by org.testng.reporters.JUnitReportReporter -->
<testsuite hostname="win2019" failures="0" tests="1" name="MTV22.HIOX" time="4.668" errors="0" timestamp="2024-08-26T07:43:12 PDT" skipped="0">
  <testcase classname="MTV22.HIOX" name="example" time="4.668"/>
  <system-out/>
</testsuite> <!-- MTV22.HIOX -->
